<?xml version="1.0" encoding="UTF-8"?>
<coverage generated="1749198710215" clover="3.2.0">
  <project timestamp="1749198710216" name="All files">
    <metrics statements="50" coveredstatements="50" conditionals="41" coveredconditionals="41" methods="13" coveredmethods="13" elements="104" coveredelements="104" complexity="0" loc="50" ncloc="50" packages="1" files="2" classes="2"/>
    <file name="cart.js" path="D:\Projets\TP-Master\tp-tests-unitaires\cart.js">
      <metrics statements="19" coveredstatements="19" conditionals="10" coveredconditionals="10" methods="7" coveredmethods="7"/>
      <line num="3" count="12" type="stmt"/>
      <line num="7" count="13" type="cond" truecount="4" falsecount="0"/>
      <line num="9" count="11" type="stmt"/>
      <line num="11" count="11" type="cond" truecount="2" falsecount="0"/>
      <line num="12" count="1" type="stmt"/>
      <line num="14" count="10" type="stmt"/>
      <line num="17" count="11" type="stmt"/>
      <line num="22" count="2" type="stmt"/>
      <line num="23" count="2" type="cond" truecount="2" falsecount="0"/>
      <line num="24" count="1" type="stmt"/>
      <line num="25" count="1" type="stmt"/>
      <line num="26" count="1" type="stmt"/>
      <line num="30" count="1" type="stmt"/>
      <line num="31" count="1" type="stmt"/>
      <line num="35" count="3" type="stmt"/>
      <line num="39" count="3" type="stmt"/>
      <line num="40" count="3" type="cond" truecount="2" falsecount="0"/>
      <line num="41" count="2" type="stmt"/>
      <line num="44" count="1" type="stmt"/>
    </file>
    <file name="utils.js" path="D:\Projets\TP-Master\tp-tests-unitaires\utils.js">
      <metrics statements="31" coveredstatements="31" conditionals="31" coveredconditionals="31" methods="6" coveredmethods="6"/>
      <line num="2" count="36" type="stmt"/>
      <line num="7" count="10" type="stmt"/>
      <line num="8" count="10" type="stmt"/>
      <line num="12" count="10" type="cond" truecount="4" falsecount="0"/>
      <line num="13" count="5" type="stmt"/>
      <line num="17" count="11" type="cond" truecount="2" falsecount="0"/>
      <line num="18" count="8" type="stmt"/>
      <line num="22" count="10" type="cond" truecount="2" falsecount="0"/>
      <line num="23" count="7" type="stmt"/>
      <line num="28" count="88" type="cond" truecount="4" falsecount="0"/>
      <line num="29" count="8" type="stmt"/>
      <line num="33" count="80" type="stmt"/>
      <line num="34" count="80" type="cond" truecount="2" falsecount="0"/>
      <line num="35" count="30" type="stmt"/>
      <line num="39" count="50" type="stmt"/>
      <line num="42" count="50" type="cond" truecount="2" falsecount="0"/>
      <line num="43" count="14" type="stmt"/>
      <line num="47" count="36" type="stmt"/>
      <line num="50" count="36" type="cond" truecount="2" falsecount="0"/>
      <line num="51" count="1" type="stmt"/>
      <line num="55" count="35" type="cond" truecount="2" falsecount="0"/>
      <line num="56" count="1" type="stmt"/>
      <line num="60" count="34" type="cond" truecount="4" falsecount="0"/>
      <line num="61" count="2" type="stmt"/>
      <line num="65" count="32" type="cond" truecount="2" falsecount="0"/>
      <line num="66" count="2" type="stmt"/>
      <line num="70" count="30" type="stmt"/>
      <line num="71" count="30" type="stmt"/>
      <line num="72" count="59" type="cond" truecount="5" falsecount="0"/>
      <line num="73" count="4" type="stmt"/>
      <line num="77" count="26" type="stmt"/>
    </file>
  </project>
</coverage>
