{"D:\\Projets\\TP-Master\\tp-tests-unitaires\\cart.js": {"path":"D:\\Projets\\TP-Master\\tp-tests-unitaires\\cart.js","statementMap":{"0":{"start":{"line":3,"column":2},"end":{"line":3,"column":33}},"1":{"start":{"line":7,"column":2},"end":{"line":7,"column":51}},"2":{"start":{"line":7,"column":44},"end":{"line":7,"column":51}},"3":{"start":{"line":9,"column":23},"end":{"line":9,"column":61}},"4":{"start":{"line":9,"column":44},"end":{"line":9,"column":60}},"5":{"start":{"line":11,"column":2},"end":{"line":15,"column":3}},"6":{"start":{"line":12,"column":4},"end":{"line":12,"column":43}},"7":{"start":{"line":14,"column":4},"end":{"line":14,"column":33}},"8":{"start":{"line":17,"column":2},"end":{"line":17,"column":43}},"9":{"start":{"line":22,"column":16},"end":{"line":22,"column":58}},"10":{"start":{"line":22,"column":42},"end":{"line":22,"column":57}},"11":{"start":{"line":23,"column":2},"end":{"line":23,"column":27}},"12":{"start":{"line":23,"column":20},"end":{"line":23,"column":27}},"13":{"start":{"line":24,"column":15},"end":{"line":24,"column":32}},"14":{"start":{"line":25,"column":2},"end":{"line":25,"column":43}},"15":{"start":{"line":26,"column":2},"end":{"line":26,"column":30}},"16":{"start":{"line":30,"column":2},"end":{"line":30,"column":18}},"17":{"start":{"line":31,"column":2},"end":{"line":31,"column":17}},"18":{"start":{"line":35,"column":21},"end":{"line":38,"column":3}},"19":{"start":{"line":39,"column":19},"end":{"line":39,"column":35}},"20":{"start":{"line":40,"column":2},"end":{"line":40,"column":58}},"21":{"start":{"line":40,"column":17},"end":{"line":40,"column":58}},"22":{"start":{"line":41,"column":2},"end":{"line":41,"column":43}},"23":{"start":{"line":44,"column":0},"end":{"line":44,"column":79}}},"fnMap":{"0":{"name":"createCart","decl":{"start":{"line":2,"column":9},"end":{"line":2,"column":19}},"loc":{"start":{"line":2,"column":22},"end":{"line":4,"column":1}},"line":2},"1":{"name":"addItem","decl":{"start":{"line":6,"column":9},"end":{"line":6,"column":16}},"loc":{"start":{"line":6,"column":29},"end":{"line":18,"column":1}},"line":6},"2":{"name":"(anonymous_2)","decl":{"start":{"line":9,"column":39},"end":{"line":9,"column":40}},"loc":{"start":{"line":9,"column":44},"end":{"line":9,"column":60}},"line":9},"3":{"name":"removeItem","decl":{"start":{"line":21,"column":9},"end":{"line":21,"column":19}},"loc":{"start":{"line":21,"column":34},"end":{"line":27,"column":1}},"line":21},"4":{"name":"(anonymous_4)","decl":{"start":{"line":22,"column":37},"end":{"line":22,"column":38}},"loc":{"start":{"line":22,"column":42},"end":{"line":22,"column":57}},"line":22},"5":{"name":"clearCart","decl":{"start":{"line":29,"column":9},"end":{"line":29,"column":18}},"loc":{"start":{"line":29,"column":25},"end":{"line":32,"column":1}},"line":29},"6":{"name":"applyDiscount","decl":{"start":{"line":34,"column":9},"end":{"line":34,"column":22}},"loc":{"start":{"line":34,"column":35},"end":{"line":42,"column":1}},"line":34}},"branchMap":{"0":{"loc":{"start":{"line":7,"column":2},"end":{"line":7,"column":51}},"type":"if","locations":[{"start":{"line":7,"column":2},"end":{"line":7,"column":51}},{"start":{},"end":{}}],"line":7},"1":{"loc":{"start":{"line":7,"column":6},"end":{"line":7,"column":42}},"type":"binary-expr","locations":[{"start":{"line":7,"column":6},"end":{"line":7,"column":24}},{"start":{"line":7,"column":28},"end":{"line":7,"column":42}}],"line":7},"2":{"loc":{"start":{"line":11,"column":2},"end":{"line":15,"column":3}},"type":"if","locations":[{"start":{"line":11,"column":2},"end":{"line":15,"column":3}},{"start":{"line":13,"column":9},"end":{"line":15,"column":3}}],"line":11},"3":{"loc":{"start":{"line":23,"column":2},"end":{"line":23,"column":27}},"type":"if","locations":[{"start":{"line":23,"column":2},"end":{"line":23,"column":27}},{"start":{},"end":{}}],"line":23},"4":{"loc":{"start":{"line":40,"column":2},"end":{"line":40,"column":58}},"type":"if","locations":[{"start":{"line":40,"column":2},"end":{"line":40,"column":58}},{"start":{},"end":{}}],"line":40}},"s":{"0":12,"1":13,"2":2,"3":11,"4":2,"5":11,"6":1,"7":10,"8":11,"9":2,"10":2,"11":2,"12":1,"13":1,"14":1,"15":1,"16":1,"17":1,"18":3,"19":3,"20":3,"21":1,"22":2,"23":1},"f":{"0":12,"1":13,"2":2,"3":2,"4":2,"5":1,"6":3},"b":{"0":[2,11],"1":[13,12],"2":[1,10],"3":[1,1],"4":[1,2]},"_coverageSchema":"1a1c01bbd47fc00a2c39e90264f33305004495a9","hash":"1d8867ea1aad8bf26835f661f93a65078079f5d3"}
,"D:\\Projets\\TP-Master\\tp-tests-unitaires\\utils.js": {"path":"D:\\Projets\\TP-Master\\tp-tests-unitaires\\utils.js","statementMap":{"0":{"start":{"line":2,"column":2},"end":{"line":2,"column":15}},"1":{"start":{"line":7,"column":16},"end":{"line":7,"column":52}},"2":{"start":{"line":8,"column":2},"end":{"line":8,"column":54}},"3":{"start":{"line":12,"column":2},"end":{"line":12,"column":59}},"4":{"start":{"line":12,"column":47},"end":{"line":12,"column":59}},"5":{"start":{"line":13,"column":2},"end":{"line":13,"column":26}},"6":{"start":{"line":17,"column":2},"end":{"line":17,"column":22}},"7":{"start":{"line":17,"column":12},"end":{"line":17,"column":22}},"8":{"start":{"line":18,"column":2},"end":{"line":18,"column":59}},"9":{"start":{"line":22,"column":2},"end":{"line":22,"column":51}},"10":{"start":{"line":22,"column":15},"end":{"line":22,"column":51}},"11":{"start":{"line":23,"column":2},"end":{"line":23,"column":15}},"12":{"start":{"line":28,"column":2},"end":{"line":30,"column":3}},"13":{"start":{"line":29,"column":4},"end":{"line":29,"column":17}},"14":{"start":{"line":33,"column":18},"end":{"line":33,"column":45}},"15":{"start":{"line":34,"column":2},"end":{"line":36,"column":3}},"16":{"start":{"line":35,"column":4},"end":{"line":35,"column":17}},"17":{"start":{"line":39,"column":21},"end":{"line":39,"column":71}},"18":{"start":{"line":42,"column":2},"end":{"line":44,"column":3}},"19":{"start":{"line":43,"column":4},"end":{"line":43,"column":17}},"20":{"start":{"line":47,"column":30},"end":{"line":47,"column":53}},"21":{"start":{"line":50,"column":2},"end":{"line":52,"column":3}},"22":{"start":{"line":51,"column":4},"end":{"line":51,"column":17}},"23":{"start":{"line":55,"column":2},"end":{"line":57,"column":3}},"24":{"start":{"line":56,"column":4},"end":{"line":56,"column":17}},"25":{"start":{"line":60,"column":2},"end":{"line":62,"column":3}},"26":{"start":{"line":61,"column":4},"end":{"line":61,"column":17}},"27":{"start":{"line":65,"column":2},"end":{"line":67,"column":3}},"28":{"start":{"line":66,"column":4},"end":{"line":66,"column":17}},"29":{"start":{"line":70,"column":22},"end":{"line":70,"column":39}},"30":{"start":{"line":71,"column":2},"end":{"line":75,"column":3}},"31":{"start":{"line":72,"column":4},"end":{"line":74,"column":5}},"32":{"start":{"line":73,"column":6},"end":{"line":73,"column":19}},"33":{"start":{"line":77,"column":2},"end":{"line":77,"column":14}}},"fnMap":{"0":{"name":"sum","decl":{"start":{"line":1,"column":16},"end":{"line":1,"column":19}},"loc":{"start":{"line":1,"column":26},"end":{"line":3,"column":1}},"line":1},"1":{"name":"isPalindrome","decl":{"start":{"line":5,"column":16},"end":{"line":5,"column":28}},"loc":{"start":{"line":5,"column":34},"end":{"line":9,"column":1}},"line":5},"2":{"name":"getMax","decl":{"start":{"line":11,"column":16},"end":{"line":11,"column":22}},"loc":{"start":{"line":11,"column":28},"end":{"line":14,"column":1}},"line":11},"3":{"name":"capitalize","decl":{"start":{"line":16,"column":16},"end":{"line":16,"column":26}},"loc":{"start":{"line":16,"column":32},"end":{"line":19,"column":1}},"line":16},"4":{"name":"divide","decl":{"start":{"line":21,"column":16},"end":{"line":21,"column":22}},"loc":{"start":{"line":21,"column":29},"end":{"line":24,"column":1}},"line":21},"5":{"name":"validateEmail","decl":{"start":{"line":26,"column":16},"end":{"line":26,"column":29}},"loc":{"start":{"line":26,"column":37},"end":{"line":78,"column":1}},"line":26}},"branchMap":{"0":{"loc":{"start":{"line":12,"column":2},"end":{"line":12,"column":59}},"type":"if","locations":[{"start":{"line":12,"column":2},"end":{"line":12,"column":59}},{"start":{},"end":{}}],"line":12},"1":{"loc":{"start":{"line":12,"column":6},"end":{"line":12,"column":45}},"type":"binary-expr","locations":[{"start":{"line":12,"column":6},"end":{"line":12,"column":25}},{"start":{"line":12,"column":29},"end":{"line":12,"column":45}}],"line":12},"2":{"loc":{"start":{"line":17,"column":2},"end":{"line":17,"column":22}},"type":"if","locations":[{"start":{"line":17,"column":2},"end":{"line":17,"column":22}},{"start":{},"end":{}}],"line":17},"3":{"loc":{"start":{"line":22,"column":2},"end":{"line":22,"column":51}},"type":"if","locations":[{"start":{"line":22,"column":2},"end":{"line":22,"column":51}},{"start":{},"end":{}}],"line":22},"4":{"loc":{"start":{"line":28,"column":2},"end":{"line":30,"column":3}},"type":"if","locations":[{"start":{"line":28,"column":2},"end":{"line":30,"column":3}},{"start":{},"end":{}}],"line":28},"5":{"loc":{"start":{"line":28,"column":6},"end":{"line":28,"column":54}},"type":"binary-expr","locations":[{"start":{"line":28,"column":6},"end":{"line":28,"column":31}},{"start":{"line":28,"column":35},"end":{"line":28,"column":54}}],"line":28},"6":{"loc":{"start":{"line":34,"column":2},"end":{"line":36,"column":3}},"type":"if","locations":[{"start":{"line":34,"column":2},"end":{"line":36,"column":3}},{"start":{},"end":{}}],"line":34},"7":{"loc":{"start":{"line":42,"column":2},"end":{"line":44,"column":3}},"type":"if","locations":[{"start":{"line":42,"column":2},"end":{"line":44,"column":3}},{"start":{},"end":{}}],"line":42},"8":{"loc":{"start":{"line":50,"column":2},"end":{"line":52,"column":3}},"type":"if","locations":[{"start":{"line":50,"column":2},"end":{"line":52,"column":3}},{"start":{},"end":{}}],"line":50},"9":{"loc":{"start":{"line":55,"column":2},"end":{"line":57,"column":3}},"type":"if","locations":[{"start":{"line":55,"column":2},"end":{"line":57,"column":3}},{"start":{},"end":{}}],"line":55},"10":{"loc":{"start":{"line":60,"column":2},"end":{"line":62,"column":3}},"type":"if","locations":[{"start":{"line":60,"column":2},"end":{"line":62,"column":3}},{"start":{},"end":{}}],"line":60},"11":{"loc":{"start":{"line":60,"column":6},"end":{"line":60,"column":58}},"type":"binary-expr","locations":[{"start":{"line":60,"column":6},"end":{"line":60,"column":31}},{"start":{"line":60,"column":35},"end":{"line":60,"column":58}}],"line":60},"12":{"loc":{"start":{"line":65,"column":2},"end":{"line":67,"column":3}},"type":"if","locations":[{"start":{"line":65,"column":2},"end":{"line":67,"column":3}},{"start":{},"end":{}}],"line":65},"13":{"loc":{"start":{"line":72,"column":4},"end":{"line":74,"column":5}},"type":"if","locations":[{"start":{"line":72,"column":4},"end":{"line":74,"column":5}},{"start":{},"end":{}}],"line":72},"14":{"loc":{"start":{"line":72,"column":8},"end":{"line":72,"column":65}},"type":"binary-expr","locations":[{"start":{"line":72,"column":8},"end":{"line":72,"column":28}},{"start":{"line":72,"column":32},"end":{"line":72,"column":50}},{"start":{"line":72,"column":54},"end":{"line":72,"column":65}}],"line":72}},"s":{"0":36,"1":10,"2":10,"3":10,"4":5,"5":5,"6":11,"7":3,"8":8,"9":10,"10":3,"11":7,"12":88,"13":8,"14":80,"15":80,"16":30,"17":50,"18":50,"19":14,"20":36,"21":36,"22":1,"23":35,"24":1,"25":34,"26":2,"27":32,"28":2,"29":30,"30":30,"31":59,"32":4,"33":26},"f":{"0":36,"1":10,"2":10,"3":11,"4":10,"5":88},"b":{"0":[5,5],"1":[10,6],"2":[3,8],"3":[3,7],"4":[8,80],"5":[88,82],"6":[30,50],"7":[14,36],"8":[1,35],"9":[1,34],"10":[2,32],"11":[34,33],"12":[2,30],"13":[4,55],"14":[59,58,57]},"_coverageSchema":"1a1c01bbd47fc00a2c39e90264f33305004495a9","hash":"487697ac77620a5195e5032b99d6c029c06112dd"}
}
