TN:
SF:utils.js
FN:1,sum
FN:5,isPalindrome
FN:11,getMax
FN:16,capitalize
FN:21,divide
FN:26,validateEmail
FNF:6
FNH:6
FNDA:36,sum
FNDA:10,isPalindrome
FNDA:10,getMax
FNDA:11,capitalize
FNDA:10,divide
FNDA:88,validateEmail
DA:2,36
DA:7,10
DA:8,10
DA:12,10
DA:13,5
DA:17,11
DA:18,8
DA:22,10
DA:23,7
DA:28,88
DA:29,8
DA:33,80
DA:34,80
DA:35,30
DA:39,50
DA:42,50
DA:43,14
DA:47,36
DA:50,36
DA:51,1
DA:55,35
DA:56,1
DA:60,34
DA:61,2
DA:65,32
DA:66,2
DA:70,30
DA:71,30
DA:72,59
DA:73,4
DA:77,26
LF:31
LH:31
BRDA:12,0,0,5
BRDA:12,0,1,5
BRDA:12,1,0,10
BRDA:12,1,1,6
BRDA:17,2,0,3
BRDA:17,2,1,8
BRDA:22,3,0,3
BRDA:22,3,1,7
BRDA:28,4,0,8
BRDA:28,4,1,80
BRDA:28,5,0,88
BRDA:28,5,1,82
BRDA:34,6,0,30
BRDA:34,6,1,50
BRDA:42,7,0,14
BRDA:42,7,1,36
BRDA:50,8,0,1
BRDA:50,8,1,35
BRDA:55,9,0,1
BRDA:55,9,1,34
BRDA:60,10,0,2
BRDA:60,10,1,32
BRDA:60,11,0,34
BRDA:60,11,1,33
BRDA:65,12,0,2
BRDA:65,12,1,30
BRDA:72,13,0,4
BRDA:72,13,1,55
BRDA:72,14,0,59
BRDA:72,14,1,58
BRDA:72,14,2,57
BRF:31
BRH:31
end_of_record
